2022-09-27:17:31:47,979 INFO     [psi4.driver.task_planner:266] PLANNING Atomic:  keywords={'SCF__INTS_TOLERANCE': 1e-12, 'function_kwargs': {}}
2022-09-27:17:31:47,986 INFO     [psi4.driver.driver:617] Compute gradient(): method=scf, basis=cc-pvdz, molecule=default, nre=224.9105278769738
2022-09-27:17:31:50,892 INFO     [psi4.driver.driver:620] Return gradient(): -230.4778161174784
2022-09-27:17:31:50,892 INFO     [psi4.driver.driver:621] [[ 0.02152642  0.00240605  0.00331075]
 [ 0.19139202 -0.32505085 -0.13457942]
 [-0.29970338  0.17568105  0.05295043]
 [-0.09369205  0.16140296  0.06695958]
 [-0.04567398  0.31728867  0.14559469]
 [ 0.22969778 -0.33584601 -0.13582785]
 [ 0.02420258 -0.0330079  -0.01318555]
 [-0.01757983 -0.03660753 -0.01910147]
 [-0.0502548   0.00591091 -0.00226848]
 [-0.02462153  0.03500969  0.01409109]
 [ 0.01853404  0.03954472  0.02058846]
 [ 0.04617271 -0.00673177  0.00146778]]
2022-09-27:17:31:51,92 INFO     [psi4.driver.task_planner:266] PLANNING Atomic:  keywords={'CART_HESS_READ': 0, 'SCF__GUESS': 'READ', 'SCF__INTS_TOLERANCE': 1e-12, 'function_kwargs': {}}
2022-09-27:17:31:51,98 INFO     [psi4.driver.driver:617] Compute gradient(): method=scf, basis=cc-pvdz, molecule=default, nre=210.790708110473
2022-09-27:17:31:53,681 INFO     [psi4.driver.driver:620] Return gradient(): -230.69505429277152
2022-09-27:17:31:53,682 INFO     [psi4.driver.driver:621] [[-0.0056602   0.01963105  0.00872359]
 [ 0.06701611 -0.07386688 -0.02821271]
 [-0.08710296  0.03802098  0.00921902]
 [-0.01293169  0.03251073  0.01408467]
 [-0.00855223  0.08099196  0.03747882]
 [ 0.04642821 -0.09630826 -0.04091058]
 [ 0.00968933 -0.01368582 -0.00550193]
 [-0.00865729 -0.01374334 -0.00737848]
 [-0.01720893  0.00016883 -0.00165514]
 [-0.00902906  0.01319952  0.00533833]
 [ 0.00834795  0.01361029  0.00728465]
 [ 0.01766076 -0.00052906  0.00152976]]
2022-09-27:17:31:53,810 INFO     [psi4.driver.task_planner:266] PLANNING Atomic:  keywords={'CART_HESS_READ': 0, 'SCF__GUESS': 'READ', 'SCF__INTS_TOLERANCE': 1e-12, 'function_kwargs': {}}
2022-09-27:17:31:53,816 INFO     [psi4.driver.driver:617] Compute gradient(): method=scf, basis=cc-pvdz, molecule=default, nre=206.74431263175578
2022-09-27:17:31:56,299 INFO     [psi4.driver.driver:620] Return gradient(): -230.71770047752432
2022-09-27:17:31:56,300 INFO     [psi4.driver.driver:621] [[ 0.00013811  0.00199185  0.00095759]
 [ 0.02487386 -0.0330483  -0.01313791]
 [-0.03362348  0.01944914  0.00581838]
 [-0.00453347  0.01349786  0.00593154]
 [-0.01018514  0.03691975  0.01645078]
 [ 0.02365609 -0.03935629 -0.01624597]
 [ 0.00116356 -0.00229537 -0.00096942]
 [-0.0007954  -0.00204724 -0.00104918]
 [-0.00156323  0.00064974  0.00014988]
 [-0.00151475  0.00258196  0.00106962]
 [ 0.00011141  0.00187221  0.00089766]
 [ 0.00227243 -0.00021531  0.00012703]]
2022-09-27:17:31:56,422 INFO     [psi4.driver.task_planner:266] PLANNING Atomic:  keywords={'CART_HESS_READ': 0, 'SCF__GUESS': 'READ', 'SCF__INTS_TOLERANCE': 1e-12, 'function_kwargs': {}}
2022-09-27:17:31:56,429 INFO     [psi4.driver.driver:617] Compute gradient(): method=scf, basis=cc-pvdz, molecule=default, nre=205.3267777323921
2022-09-27:17:31:58,917 INFO     [psi4.driver.driver:620] Return gradient(): -230.72109881874206
2022-09-27:17:31:58,918 INFO     [psi4.driver.driver:621] [[ 0.00055863  0.00034147  0.00021817]
 [ 0.00952961 -0.01518598 -0.00622837]
 [-0.01350002  0.01056915  0.00364264]
 [-0.00066838  0.00435764  0.00199512]
 [-0.00798812  0.01735711  0.00741134]
 [ 0.01221272 -0.01759478 -0.00709792]
 [ 0.00019356 -0.00034609 -0.00014437]
 [-0.00019641 -0.00023577 -0.00013134]
 [-0.00038158  0.00007111 -0.00000485]
 [-0.00027468  0.00037479  0.00014976]
 [ 0.00015893  0.00024598  0.00013254]
 [ 0.00035573  0.00004537  0.00005729]]
2022-09-27:17:31:59,60 INFO     [psi4.driver.task_planner:266] PLANNING Atomic:  keywords={'CART_HESS_READ': 0, 'SCF__GUESS': 'READ', 'SCF__INTS_TOLERANCE': 1e-12, 'function_kwargs': {}}
2022-09-27:17:31:59,67 INFO     [psi4.driver.driver:617] Compute gradient(): method=scf, basis=cc-pvdz, molecule=default, nre=204.480996109944
2022-09-27:17:32:01,690 INFO     [psi4.driver.driver:620] Return gradient(): -230.72186768804514
2022-09-27:17:32:01,691 INFO     [psi4.driver.driver:621] [[ 0.00028547  0.00016923  0.00010902]
 [ 0.00180199 -0.00357383 -0.00151019]
 [-0.00212875  0.00389084  0.00162724]
 [ 0.00124104 -0.00051042 -0.00011654]
 [-0.00482614  0.00509238  0.00192422]
 [ 0.00361808 -0.00503529 -0.002019  ]
 [-0.00000238  0.00008879  0.0000418 ]
 [ 0.00002256  0.00020996  0.00010167]
 [-0.00005861 -0.00012249 -0.00006389]
 [ 0.00003051 -0.00014707 -0.00006654]
 [ 0.00020021 -0.00012545 -0.0000392 ]
 [-0.00018398  0.00006335  0.00001141]]
2022-09-27:17:32:01,802 INFO     [psi4.driver.task_planner:266] PLANNING Atomic:  keywords={'CART_HESS_READ': 0, 'SCF__GUESS': 'READ', 'SCF__INTS_TOLERANCE': 1e-12, 'function_kwargs': {}}
2022-09-27:17:32:01,808 INFO     [psi4.driver.driver:617] Compute gradient(): method=scf, basis=cc-pvdz, molecule=default, nre=204.31155719307486
2022-09-27:17:32:04,233 INFO     [psi4.driver.driver:620] Return gradient(): -230.72191978034482
2022-09-27:17:32:04,234 INFO     [psi4.driver.driver:621] [[ 0.00014635  0.00011864  0.00007065]
 [ 0.00003013 -0.0003064  -0.00014211]
 [ 0.00027339  0.0009667   0.00048565]
 [ 0.0009608  -0.00071178 -0.00024046]
 [-0.00227941  0.0014108   0.00043785]
 [ 0.00084686 -0.00145175 -0.0006014 ]
 [-0.00000467  0.00001114  0.00000473]
 [ 0.00002538  0.00005672  0.00002946]
 [ 0.00001517 -0.00005326 -0.00002374]
 [-0.00001635 -0.00000576 -0.00000432]
 [ 0.00007547 -0.0000614  -0.00002141]
 [-0.00007313  0.00002635  0.00000511]]
2022-09-27:17:32:04,373 INFO     [psi4.driver.task_planner:266] PLANNING Atomic:  keywords={'CART_HESS_READ': 0, 'SCF__GUESS': 'READ', 'SCF__INTS_TOLERANCE': 1e-12, 'function_kwargs': {}}
2022-09-27:17:32:04,380 INFO     [psi4.driver.driver:617] Compute gradient(): method=scf, basis=cc-pvdz, molecule=default, nre=204.30931957263084
2022-09-27:17:32:06,782 INFO     [psi4.driver.driver:620] Return gradient(): -230.7219248080333
2022-09-27:17:32:06,782 INFO     [psi4.driver.driver:621] [[ 0.00012228  0.00008199  0.00005132]
 [-0.00027082  0.00026403  0.00009756]
 [ 0.00027368 -0.00006056 -0.00000101]
 [ 0.00048152 -0.00023659 -0.00006344]
 [-0.00088256  0.00048886  0.00014248]
 [ 0.00026676 -0.00053031 -0.00022428]
 [-0.00000259 -0.00000162 -0.00000104]
 [-0.00000498  0.0000016   0.00000025]
 [ 0.00000194 -0.00001587 -0.00000732]
 [-0.00001859  0.00001061  0.00000312]
 [ 0.0000332  -0.00002305 -0.00000756]
 [ 0.00000014  0.00002091  0.00000992]]
2022-09-27:17:32:06,904 INFO     [psi4.driver.task_planner:266] PLANNING Atomic:  keywords={'CART_HESS_READ': 0, 'SCF__GUESS': 'READ', 'SCF__INTS_TOLERANCE': 1e-12, 'function_kwargs': {}}
2022-09-27:17:32:06,910 INFO     [psi4.driver.driver:617] Compute gradient(): method=scf, basis=cc-pvdz, molecule=default, nre=204.31959070574916
2022-09-27:17:32:09,359 INFO     [psi4.driver.driver:620] Return gradient(): -230.72192566799652
2022-09-27:17:32:09,360 INFO     [psi4.driver.driver:621] [[ 0.00008785  0.00004555  0.00002913]
 [-0.00022467  0.00027173  0.00010661]
 [ 0.00009422 -0.00037051 -0.00016581]
 [ 0.00015382  0.00009947  0.00006218]
 [-0.00019131  0.00016659  0.00005927]
 [ 0.00007931 -0.00021399 -0.00009225]
 [-0.00000309 -0.00000539 -0.00000281]
 [ 0.00000188 -0.00001101 -0.00000495]
 [-0.00000162  0.00000702  0.00000312]
 [-0.0000066   0.00000495  0.00000183]
 [ 0.0000035  -0.00000033  0.00000021]
 [ 0.00000671  0.00000591  0.00000348]]
2022-09-27:17:47:05,681 INFO     [psi4.driver.task_planner:266] PLANNING Atomic:  keywords={'SCF__INTS_TOLERANCE': 1e-12, 'function_kwargs': {}}
2022-09-27:17:47:05,690 INFO     [psi4.driver.driver:499] Compute energy(): method=scf, basis=cc-pvdz, molecule=default, nre=416.91814434615196
2022-09-27:17:47:09,171 INFO     [psi4.driver.driver:502] Return energy(): -434.21119653820824
2022-09-27:17:49:23,876 INFO     [psi4.driver.task_planner:266] PLANNING Atomic:  keywords={'SCF__INTS_TOLERANCE': 1e-12, 'function_kwargs': {}}
2022-09-27:17:49:23,883 INFO     [psi4.driver.driver:617] Compute gradient(): method=scf, basis=cc-pvdz, molecule=default, nre=416.91814434615196
2022-09-27:17:49:30,660 INFO     [psi4.driver.driver:620] Return gradient(): -434.2111965460583
2022-09-27:17:49:30,661 INFO     [psi4.driver.driver:621] [[-0.00008577 -0.00003108  0.00001755]
 [ 0.00009113 -0.00004244 -0.00000575]
 [ 0.00000311  0.0000733   0.00003295]
 [-0.00007755 -0.00001482 -0.00001308]
 [ 0.00006182 -0.00002813 -0.00000926]
 [-0.00001074  0.00002084  0.00001392]
 [ 0.00015159  0.00005741 -0.00013155]
 [ 0.00000268 -0.00002677  0.00005042]
 [-0.00013316 -0.00001122  0.00004415]
 [-0.00000614  0.00001153  0.0000055 ]
 [-0.00001985 -0.00001298 -0.0000089 ]
 [ 0.00000744  0.00000228  0.00000157]
 [ 0.00001181  0.0000055   0.00000308]
 [ 0.00000363 -0.00000344 -0.00000059]]
2022-09-27:17:49:30,895 INFO     [psi4.driver.task_planner:266] PLANNING Atomic:  keywords={'CART_HESS_READ': 0, 'SCF__GUESS': 'READ', 'SCF__INTS_TOLERANCE': 1e-12, 'function_kwargs': {}}
2022-09-27:17:49:30,902 INFO     [psi4.driver.driver:617] Compute gradient(): method=scf, basis=cc-pvdz, molecule=default, nre=416.91270506852726
2022-09-27:17:49:38,21 INFO     [psi4.driver.driver:620] Return gradient(): -434.21110711086544
2022-09-27:17:49:38,23 INFO     [psi4.driver.driver:621] [[ 0.00009829  0.0007299  -0.00154542]
 [ 0.00006036  0.00006614 -0.00018607]
 [-0.00000314 -0.0000003   0.00009147]
 [-0.00002957 -0.00000992 -0.00002672]
 [ 0.00001935 -0.00005373  0.00006832]
 [ 0.00002369  0.00012608 -0.00016118]
 [-0.00049411 -0.00317263  0.00631732]
 [ 0.00026765  0.00121917 -0.00223599]
 [ 0.00006247  0.00110158 -0.0023127 ]
 [-0.0000046   0.00000447 -0.00001485]
 [ 0.00000219 -0.00001185  0.00001095]
 [ 0.00000406  0.00000052 -0.00000449]
 [-0.00000271 -0.00000773  0.0000124 ]
 [-0.00000392  0.00000831 -0.00001302]]
2022-09-27:17:49:38,263 INFO     [psi4.driver.task_planner:266] PLANNING Atomic:  keywords={'CART_HESS_READ': 0, 'SCF__GUESS': 'READ', 'SCF__INTS_TOLERANCE': 1e-12, 'function_kwargs': {}}
2022-09-27:17:49:38,273 INFO     [psi4.driver.driver:617] Compute gradient(): method=scf, basis=cc-pvdz, molecule=default, nre=416.9076629052632
2022-09-27:17:49:45,477 INFO     [psi4.driver.driver:620] Return gradient(): -434.21119655258553
2022-09-27:17:49:45,479 INFO     [psi4.driver.driver:621] [[-0.00003047 -0.00003734 -0.00002193]
 [ 0.00003958 -0.00001981 -0.00000604]
 [ 0.00000239  0.00003263  0.00001618]
 [-0.00002962 -0.00001714 -0.00001324]
 [ 0.00002858 -0.00001779 -0.00000485]
 [ 0.00000709  0.00004082  0.00001935]
 [ 0.00017768 -0.00020668 -0.00007082]
 [ 0.0000638   0.00020578  0.00010054]
 [-0.00025501  0.00003021 -0.00001471]
 [-0.00000545 -0.00000307 -0.00000218]
 [ 0.00000368 -0.0000054  -0.00000178]
 [ 0.0000035  -0.00000169  0.00000019]
 [-0.0000017  -0.00000158 -0.00000058]
 [-0.00000404  0.00000107 -0.00000011]]
2022-09-27:17:50:21,75 INFO     [psi4.driver.task_planner:266] PLANNING Atomic:  keywords={'SCF__INTS_TOLERANCE': 1e-12, 'function_kwargs': {}}
2022-09-27:17:50:21,82 INFO     [psi4.driver.driver:617] Compute gradient(): method=scf, basis=cc-pvdz, molecule=default, nre=416.9076629052632
2022-09-27:17:50:28,112 INFO     [psi4.driver.driver:620] Return gradient(): -434.2111965525237
2022-09-27:17:50:28,113 INFO     [psi4.driver.driver:621] [[-0.00003044 -0.00003739 -0.00002195]
 [ 0.00003957 -0.00001981 -0.00000605]
 [ 0.00000239  0.00003265  0.00001619]
 [-0.00002963 -0.00001714 -0.00001323]
 [ 0.00002855 -0.00001778 -0.00000485]
 [ 0.00000708  0.00004083  0.00001936]
 [ 0.00017752 -0.00020673 -0.00007085]
 [ 0.00006385  0.00020583  0.00010056]
 [-0.00025494  0.00003022 -0.0000147 ]
 [-0.00000546 -0.00000309 -0.00000219]
 [ 0.00000367 -0.00000541 -0.00000178]
 [ 0.00000351 -0.0000017   0.00000019]
 [-0.00000169 -0.00000157 -0.00000057]
 [-0.000004    0.00000107 -0.00000011]]
2022-09-27:17:50:43,691 INFO     [psi4.driver.task_planner:266] PLANNING Atomic:  keywords={'SCF__INTS_TOLERANCE': 1e-12, 'SCF__MAXITER': 500, 'function_kwargs': {}}
2022-09-27:17:50:43,698 INFO     [psi4.driver.driver:617] Compute gradient(): method=scf, basis=cc-pvdz, molecule=default, nre=416.9076629052632
2022-09-27:17:50:51,116 INFO     [psi4.driver.driver:620] Return gradient(): -434.2111965527168
2022-09-27:17:50:51,118 INFO     [psi4.driver.driver:621] [[-0.00003044 -0.00003738 -0.00002195]
 [ 0.00003957 -0.00001981 -0.00000604]
 [ 0.0000024   0.00003265  0.00001619]
 [-0.00002963 -0.00001714 -0.00001323]
 [ 0.00002855 -0.00001779 -0.00000485]
 [ 0.00000708  0.00004083  0.00001935]
 [ 0.00017752 -0.00020673 -0.00007085]
 [ 0.00006386  0.00020584  0.00010056]
 [-0.00025495  0.00003022 -0.00001471]
 [-0.00000545 -0.00000307 -0.00000218]
 [ 0.00000369 -0.00000541 -0.00000178]
 [ 0.00000351 -0.00000171  0.00000019]
 [-0.00000169 -0.00000157 -0.00000058]
 [-0.00000401  0.00000107 -0.00000011]]
2022-09-27:17:51:15,87 INFO     [psi4.driver.task_planner:266] PLANNING Atomic:  keywords={'SCF__INTS_TOLERANCE': 1e-12, 'SCF__MAXITER': 500, 'function_kwargs': {}}
2022-09-27:17:51:15,94 INFO     [psi4.driver.driver:617] Compute gradient(): method=scf, basis=cc-pvdz, molecule=default, nre=416.9076629052632
2022-09-27:17:51:21,951 INFO     [psi4.driver.driver:620] Return gradient(): -434.21119655269047
2022-09-27:17:51:21,953 INFO     [psi4.driver.driver:621] [[-0.00003044 -0.00003738 -0.00002195]
 [ 0.00003958 -0.00001981 -0.00000605]
 [ 0.00000239  0.00003265  0.00001618]
 [-0.00002963 -0.00001714 -0.00001323]
 [ 0.00002855 -0.00001778 -0.00000485]
 [ 0.00000708  0.00004082  0.00001935]
 [ 0.00017752 -0.00020673 -0.00007085]
 [ 0.00006385  0.00020583  0.00010056]
 [-0.00025494  0.00003022 -0.0000147 ]
 [-0.00000545 -0.00000308 -0.00000219]
 [ 0.00000367 -0.00000541 -0.00000178]
 [ 0.00000351 -0.0000017   0.00000019]
 [-0.00000169 -0.00000157 -0.00000057]
 [-0.000004    0.00000107 -0.00000011]]
2022-09-27:17:51:29,346 INFO     [psi4.driver.task_planner:266] PLANNING Atomic:  keywords={'GEOM_MAXITER': 100, 'SCF__INTS_TOLERANCE': 1e-12, 'SCF__MAXITER': 500, 'function_kwargs': {}}
2022-09-27:17:51:29,354 INFO     [psi4.driver.driver:617] Compute gradient(): method=scf, basis=cc-pvdz, molecule=default, nre=416.9076629052632
2022-09-27:17:51:36,669 INFO     [psi4.driver.driver:620] Return gradient(): -434.21119655274515
2022-09-27:17:51:36,672 INFO     [psi4.driver.driver:621] [[-0.00003044 -0.00003739 -0.00002195]
 [ 0.00003957 -0.00001981 -0.00000605]
 [ 0.00000239  0.00003265  0.00001618]
 [-0.00002963 -0.00001714 -0.00001324]
 [ 0.00002855 -0.00001778 -0.00000485]
 [ 0.00000707  0.00004082  0.00001935]
 [ 0.00017752 -0.00020673 -0.00007085]
 [ 0.00006385  0.00020583  0.00010056]
 [-0.00025494  0.00003023 -0.0000147 ]
 [-0.00000545 -0.00000308 -0.00000219]
 [ 0.00000367 -0.00000541 -0.00000178]
 [ 0.00000351 -0.0000017   0.00000019]
 [-0.00000169 -0.00000156 -0.00000057]
 [-0.00000399  0.00000107 -0.0000001 ]]
2022-09-27:17:51:56,65 INFO     [psi4.driver.task_planner:266] PLANNING Atomic:  keywords={'GEOM_MAXITER': 1000, 'SCF__INTS_TOLERANCE': 1e-12, 'SCF__MAXITER': 500, 'function_kwargs': {}}
2022-09-27:17:51:56,75 INFO     [psi4.driver.driver:499] Compute energy(): method=scf, basis=cc-pvdz, molecule=default, nre=416.91814434615196
2022-09-27:17:51:59,464 INFO     [psi4.driver.driver:502] Return energy(): -434.2111965382081
2022-09-27:17:51:59,611 INFO     [psi4.driver.task_planner:266] PLANNING Atomic:  keywords={'GEOM_MAXITER': 1000, 'SCF__INTS_TOLERANCE': 1e-12, 'SCF__MAXITER': 500, 'function_kwargs': {}}
2022-09-27:17:51:59,622 INFO     [psi4.driver.driver:617] Compute gradient(): method=scf, basis=cc-pvdz, molecule=default, nre=416.91814434615196
2022-09-27:17:52:06,155 INFO     [psi4.driver.driver:620] Return gradient(): -434.2111965460587
2022-09-27:17:52:06,156 INFO     [psi4.driver.driver:621] [[-0.00008578 -0.00003108  0.00001755]
 [ 0.00009113 -0.00004244 -0.00000575]
 [ 0.00000311  0.0000733   0.00003295]
 [-0.00007755 -0.00001482 -0.00001308]
 [ 0.00006182 -0.00002813 -0.00000926]
 [-0.00001074  0.00002084  0.00001392]
 [ 0.00015159  0.00005741 -0.00013155]
 [ 0.00000268 -0.00002677  0.00005042]
 [-0.00013316 -0.00001122  0.00004415]
 [-0.00000614  0.00001153  0.0000055 ]
 [-0.00001985 -0.00001298 -0.0000089 ]
 [ 0.00000744  0.00000228  0.00000157]
 [ 0.00001181  0.0000055   0.00000308]
 [ 0.00000363 -0.00000344 -0.00000059]]
2022-09-27:17:52:06,373 INFO     [psi4.driver.task_planner:266] PLANNING Atomic:  keywords={'CART_HESS_READ': 0, 'GEOM_MAXITER': 1000, 'SCF__GUESS': 'READ', 'SCF__INTS_TOLERANCE': 1e-12, 'SCF__MAXITER': 500, 'function_kwargs': {}}
2022-09-27:17:52:06,380 INFO     [psi4.driver.driver:617] Compute gradient(): method=scf, basis=cc-pvdz, molecule=default, nre=416.9127052266705
2022-09-27:17:52:12,475 INFO     [psi4.driver.driver:620] Return gradient(): -434.21110711112107
2022-09-27:17:52:12,477 INFO     [psi4.driver.driver:621] [[ 0.00009829  0.0007299  -0.00154543]
 [ 0.00006036  0.00006614 -0.00018607]
 [-0.00000314 -0.0000003   0.00009147]
 [-0.00002956 -0.00000992 -0.00002672]
 [ 0.00001935 -0.00005373  0.00006832]
 [ 0.00002369  0.00012609 -0.00016117]
 [-0.00049411 -0.00317263  0.00631732]
 [ 0.00026765  0.00121917 -0.00223599]
 [ 0.00006247  0.00110158 -0.0023127 ]
 [-0.0000046   0.00000447 -0.00001485]
 [ 0.00000219 -0.00001185  0.00001095]
 [ 0.00000406  0.00000051 -0.00000449]
 [-0.00000272 -0.00000774  0.00001239]
 [-0.00000392  0.00000831 -0.00001302]]
2022-09-27:17:52:12,620 INFO     [psi4.driver.task_planner:266] PLANNING Atomic:  keywords={'CART_HESS_READ': 0, 'GEOM_MAXITER': 1000, 'SCF__GUESS': 'READ', 'SCF__INTS_TOLERANCE': 1e-12, 'SCF__MAXITER': 500, 'function_kwargs': {}}
2022-09-27:17:52:12,627 INFO     [psi4.driver.driver:617] Compute gradient(): method=scf, basis=cc-pvdz, molecule=default, nre=416.9076630782257
2022-09-27:17:52:19,59 INFO     [psi4.driver.driver:620] Return gradient(): -434.2111965533272
2022-09-27:17:52:19,61 INFO     [psi4.driver.driver:621] [[-0.00003047 -0.00003734 -0.00002193]
 [ 0.00003958 -0.00001981 -0.00000604]
 [ 0.00000239  0.00003264  0.00001618]
 [-0.00002961 -0.00001714 -0.00001324]
 [ 0.00002857 -0.0000178  -0.00000486]
 [ 0.00000709  0.00004082  0.00001936]
 [ 0.00017768 -0.00020668 -0.00007082]
 [ 0.0000638   0.00020579  0.00010054]
 [-0.00025502  0.00003021 -0.00001471]
 [-0.00000545 -0.00000307 -0.00000218]
 [ 0.00000369 -0.0000054  -0.00000178]
 [ 0.00000351 -0.0000017   0.00000019]
 [-0.0000017  -0.00000158 -0.00000058]
 [-0.00000405  0.00000107 -0.00000011]]
