2022-09-27:17:51:59,611 INFO     [psi4.driver.task_planner:266] PLANNING Atomic:  keywords={'GEOM_MAXITER': 1000, 'SCF__INTS_TOLERANCE': 1e-12, 'SCF__MAXITER': 500, 'function_kwargs': {}}
2022-09-27:17:51:59,622 INFO     [psi4.driver.driver:617] Compute gradient(): method=scf, basis=cc-pvdz, molecule=default, nre=416.91814434615196
2022-09-27:17:52:06,155 INFO     [psi4.driver.driver:620] Return gradient(): -434.2111965460587
2022-09-27:17:52:06,156 INFO     [psi4.driver.driver:621] [[-0.00008578 -0.00003108  0.00001755]
 [ 0.00009113 -0.00004244 -0.00000575]
 [ 0.00000311  0.0000733   0.00003295]
 [-0.00007755 -0.00001482 -0.00001308]
 [ 0.00006182 -0.00002813 -0.00000926]
 [-0.00001074  0.00002084  0.00001392]
 [ 0.00015159  0.00005741 -0.00013155]
 [ 0.00000268 -0.00002677  0.00005042]
 [-0.00013316 -0.00001122  0.00004415]
 [-0.00000614  0.00001153  0.0000055 ]
 [-0.00001985 -0.00001298 -0.0000089 ]
 [ 0.00000744  0.00000228  0.00000157]
 [ 0.00001181  0.0000055   0.00000308]
 [ 0.00000363 -0.00000344 -0.00000059]]
2022-09-27:17:52:06,373 INFO     [psi4.driver.task_planner:266] PLANNING Atomic:  keywords={'CART_HESS_READ': 0, 'GEOM_MAXITER': 1000, 'SCF__GUESS': 'READ', 'SCF__INTS_TOLERANCE': 1e-12, 'SCF__MAXITER': 500, 'function_kwargs': {}}
2022-09-27:17:52:06,380 INFO     [psi4.driver.driver:617] Compute gradient(): method=scf, basis=cc-pvdz, molecule=default, nre=416.9127052266705
2022-09-27:17:52:12,475 INFO     [psi4.driver.driver:620] Return gradient(): -434.21110711112107
2022-09-27:17:52:12,477 INFO     [psi4.driver.driver:621] [[ 0.00009829  0.0007299  -0.00154543]
 [ 0.00006036  0.00006614 -0.00018607]
 [-0.00000314 -0.0000003   0.00009147]
 [-0.00002956 -0.00000992 -0.00002672]
 [ 0.00001935 -0.00005373  0.00006832]
 [ 0.00002369  0.00012609 -0.00016117]
 [-0.00049411 -0.00317263  0.00631732]
 [ 0.00026765  0.00121917 -0.00223599]
 [ 0.00006247  0.00110158 -0.0023127 ]
 [-0.0000046   0.00000447 -0.00001485]
 [ 0.00000219 -0.00001185  0.00001095]
 [ 0.00000406  0.00000051 -0.00000449]
 [-0.00000272 -0.00000774  0.00001239]
 [-0.00000392  0.00000831 -0.00001302]]
2022-09-27:17:52:12,620 INFO     [psi4.driver.task_planner:266] PLANNING Atomic:  keywords={'CART_HESS_READ': 0, 'GEOM_MAXITER': 1000, 'SCF__GUESS': 'READ', 'SCF__INTS_TOLERANCE': 1e-12, 'SCF__MAXITER': 500, 'function_kwargs': {}}
2022-09-27:17:52:12,627 INFO     [psi4.driver.driver:617] Compute gradient(): method=scf, basis=cc-pvdz, molecule=default, nre=416.9076630782257
2022-09-27:17:52:19,59 INFO     [psi4.driver.driver:620] Return gradient(): -434.2111965533272
2022-09-27:17:52:19,61 INFO     [psi4.driver.driver:621] [[-0.00003047 -0.00003734 -0.00002193]
 [ 0.00003958 -0.00001981 -0.00000604]
 [ 0.00000239  0.00003264  0.00001618]
 [-0.00002961 -0.00001714 -0.00001324]
 [ 0.00002857 -0.0000178  -0.00000486]
 [ 0.00000709  0.00004082  0.00001936]
 [ 0.00017768 -0.00020668 -0.00007082]
 [ 0.0000638   0.00020579  0.00010054]
 [-0.00025502  0.00003021 -0.00001471]
 [-0.00000545 -0.00000307 -0.00000218]
 [ 0.00000369 -0.0000054  -0.00000178]
 [ 0.00000351 -0.0000017   0.00000019]
 [-0.0000017  -0.00000158 -0.00000058]
 [-0.00000405  0.00000107 -0.00000011]]
0.00005373  0.00006832]
 [ 0.00002369  0.00012609 -0.00016117]
 [-0.00049411 -0.00317263  0.00631732]
 [ 0.00026765  0.00121917 -0.00223599]
 [ 0.00006247  0.00110158 -0.0023127 ]
 [-0.0000046   0.00000447 -0.00001485]
 [ 0.00000219 -0.00001185  0.00001095]
 [ 0.00000406  0.00000051 -0.00000449]
 [-0.00000272 -0.00000774  0.00001239]
 [-0.00000392  0.00000831 -0.00001302]]
2022-09-27:17:52:12,620 INFO     [psi4.driver.task_planner:266] PLANNING Atomic:  keywords={'CART_HESS_READ': 0, 'GEOM_MAXITER': 1000, 'SCF__GUESS': 'READ', 'SCF__INTS_TOLERANCE': 1e-12, 'SCF__MAXITER': 500, 'function_kwargs': {}}
2022-09-27:17:52:12,627 INFO     [psi4.driver.driver:617] Compute gradient(): method=scf, basis=cc-pvdz, molecule=default, nre=416.9076630782257
2022-09-27:17:52:19,59 INFO     [psi4.driver.driver:620] Return gradient(): -434.2111965533272
2022-09-27:17:52:19,61 INFO     [psi4.driver.driver:621] [[-0.00003047 -0.00003734 -0.00002193]
 [ 0.00003958 -0.00001981 -0.00000604]
 [ 0.00000239  0.00003264  0.00001618]
 [-0.00002961 -0.00001714 -0.00001324]
 [ 0.00002857 -0.0000178  -0.00000486]
 [ 0.00000709  0.00004082  0.00001936]
 [ 0.00017768 -0.00020668 -0.00007082]
 [ 0.0000638   0.00020579  0.00010054]
 [-0.00025502  0.00003021 -0.00001471]
 [-0.00000545 -0.00000307 -0.00000218]
 [ 0.00000369 -0.0000054  -0.00000178]
 [ 0.00000351 -0.0000017   0.00000019]
 [-0.0000017  -0.00000158 -0.00000058]
 [-0.00000405  0.00000107 -0.00000011]]
PLANNING Atomic:  keywords={'CART_HESS_READ': 0, 'GEOM_MAXITER': 1000, 'SCF__GUESS': 'READ', 'SCF__INTS_TOLERANCE': 1e-12, 'SCF__MAXITER': 500, 'function_kwargs': {}}
2022-09-27:17:52:12,627 INFO     [psi4.driver.driver:617] Compute gradient(): method=scf, basis=cc-pvdz, molecule=default, nre=416.9076630782257
2022-09-27:17:52:19,59 INFO     [psi4.driver.driver:620] Return gradient(): -434.2111965533272
2022-09-27:17:52:19,61 INFO     [psi4.driver.driver:621] [[-0.00003047 -0.00003734 -0.00002193]
 [ 0.00003958 -0.00001981 -0.00000604]
 [ 0.00000239  0.00003264  0.00001618]
 [-0.00002961 -0.00001714 -0.00001324]
 [ 0.00002857 -0.0000178  -0.00000486]
 [ 0.00000709  0.00004082  0.00001936]
 [ 0.00017768 -0.00020668 -0.00007082]
 [ 0.0000638   0.00020579  0.00010054]
 [-0.00025502  0.00003021 -0.00001471]
 [-0.00000545 -0.00000307 -0.00000218]
 [ 0.00000369 -0.0000054  -0.00000178]
 [ 0.00000351 -0.0000017   0.00000019]
 [-0.0000017  -0.00000158 -0.00000058]
 [-0.00000405  0.00000107 -0.00000011]]
 PLANNING Atomic:  keywords={'CART_HESS_READ': 0, 'GEOM_MAXITER': 1000, 'SCF__GUESS': 'READ', 'SCF__INTS_TOLERANCE': 1e-12, 'SCF__MAXITER': 500, 'function_kwargs': {}}
2022-09-27:17:52:12,627 INFO     [psi4.driver.driver:617] Compute gradient(): method=scf, basis=cc-pvdz, molecule=default, nre=416.9076630782257
2022-09-27:17:52:19,59 INFO     [psi4.driver.driver:620] Return gradient(): -434.2111965533272
2022-09-27:17:52:19,61 INFO     [psi4.driver.driver:621] [[-0.00003047 -0.00003734 -0.00002193]
 [ 0.00003958 -0.00001981 -0.00000604]
 [ 0.00000239  0.00003264  0.00001618]
 [-0.00002961 -0.00001714 -0.00001324]
 [ 0.00002857 -0.0000178  -0.00000486]
 [ 0.00000709  0.00004082  0.00001936]
 [ 0.00017768 -0.00020668 -0.00007082]
 [ 0.0000638   0.00020579  0.00010054]
 [-0.00025502  0.00003021 -0.00001471]
 [-0.00000545 -0.00000307 -0.00000218]
 [ 0.00000369 -0.0000054  -0.00000178]
 [ 0.00000351 -0.0000017   0.00000019]
 [-0.0000017  -0.00000158 -0.00000058]
 [-0.00000405  0.00000107 -0.00000011]]
ords={'CART_HESS_READ': 0, 'GEOM_MAXITER': 1000, 'SCF__GUESS': 'READ', 'SCF__INTS_TOLERANCE': 1e-12, 'SCF__MAXITER': 500, 'function_kwargs': {}}
2022-09-27:17:52:12,627 INFO     [psi4.driver.driver:617] Compute gradient(): method=scf, basis=cc-pvdz, molecule=default, nre=416.9076630782257
2022-09-27:17:52:19,59 INFO     [psi4.driver.driver:620] Return gradient(): -434.2111965533272
2022-09-27:17:52:19,61 INFO     [psi4.driver.driver:621] [[-0.00003047 -0.00003734 -0.00002193]
 [ 0.00003958 -0.00001981 -0.00000604]
 [ 0.00000239  0.00003264  0.00001618]
 [-0.00002961 -0.00001714 -0.00001324]
 [ 0.00002857 -0.0000178  -0.00000486]
 [ 0.00000709  0.00004082  0.00001936]
 [ 0.00017768 -0.00020668 -0.00007082]
 [ 0.0000638   0.00020579  0.00010054]
 [-0.00025502  0.00003021 -0.00001471]
 [-0.00000545 -0.00000307 -0.00000218]
 [ 0.00000369 -0.0000054  -0.00000178]
 [ 0.00000351 -0.0000017   0.00000019]
 [-0.0000017  -0.00000158 -0.00000058]
 [-0.00000405  0.00000107 -0.00000011]]
LERANCE': 1e-12, 'SCF__MAXITER': 500, 'function_kwargs': {}}
2022-09-27:17:51:59,622 INFO     [psi4.driver.driver:617] Compute gradient(): method=scf, basis=cc-pvdz, molecule=default, nre=416.91814434615196
2022-09-27:17:52:06,155 INFO     [psi4.driver.driver:620] Return gradient(): -434.2111965460587
2022-09-27:17:52:06,156 INFO     [psi4.driver.driver:621] [[-0.00008578 -0.00003108  0.00001755]
 [ 0.00009113 -0.00004244 -0.00000575]
 [ 0.00000311  0.0000733   0.00003295]
 [-0.00007755 -0.00001482 -0.00001308]
 [ 0.00006182 -0.00002813 -0.00000926]
 [-0.00001074  0.00002084  0.00001392]
 [ 0.00015159  0.00005741 -0.00013155]
 [ 0.00000268 -0.00002677  0.00005042]
 [-0.00013316 -0.00001122  0.00004415]
 [-0.00000614  0.00001153  0.0000055 ]
 [-0.00001985 -0.00001298 -0.0000089 ]
 [ 0.00000744  0.00000228  0.00000157]
 [ 0.00001181  0.0000055   0.00000308]
 [ 0.00000363 -0.00000344 -0.00000059]]
2022-09-27:17:52:06,373 INFO     [psi4.driver.task_planner:266] PLANNING Atomic:  keywords={'CART_HESS_READ': 0, 'GEOM_MAXITER': 1000, 'SCF__GUESS': 'READ', 'SCF__INTS_TOLERANCE': 1e-12, 'SCF__MAXITER': 500, 'function_kwargs': {}}
2022-09-27:17:52:06,380 INFO     [psi4.driver.driver:617] Compute gradient(): method=scf, basis=cc-pvdz, molecule=default, nre=416.9127052266705
2022-09-27:17:52:12,475 INFO     [psi4.driver.driver:620] Return gradient(): -434.21110711112107
2022-09-27:17:52:12,477 INFO     [psi4.driver.driver:621] [[ 0.00009829  0.0007299  -0.00154543]
 [ 0.00006036  0.00006614 -0.00018607]
 [-0.00000314 -0.0000003   0.00009147]
 [-0.00002956 -0.00000992 -0.00002672]
 [ 0.00001935 -0.00005373  0.00006832]
 [ 0.00002369  0.00012609 -0.00016117]
 [-0.00049411 -0.00317263  0.00631732]
 [ 0.00026765  0.00121917 -0.00223599]
 [ 0.00006247  0.00110158 -0.0023127 ]
 [-0.0000046   0.00000447 -0.00001485]
 [ 0.00000219 -0.00001185  0.00001095]
 [ 0.00000406  0.00000051 -0.00000449]
 [-0.00000272 -0.00000774  0.00001239]
 [-0.00000392  0.00000831 -0.00001302]]
2022-09-27:17:52:12,620 INFO     [psi4.driver.task_planner:266] PLANNING Atomic:  keywords={'CART_HESS_READ': 0, 'GEOM_MAXITER': 1000, 'SCF__GUESS': 'READ', 'SCF__INTS_TOLERANCE': 1e-12, 'SCF__MAXITER': 500, 'function_kwargs': {}}
2022-09-27:17:52:12,627 INFO     [psi4.driver.driver:617] Compute gradient(): method=scf, basis=cc-pvdz, molecule=default, nre=416.9076630782257
2022-09-27:17:52:19,59 INFO     [psi4.driver.driver:620] Return gradient(): -434.2111965533272
2022-09-27:17:52:19,61 INFO     [psi4.driver.driver:621] [[-0.00003047 -0.00003734 -0.00002193]
 [ 0.00003958 -0.00001981 -0.00000604]
 [ 0.00000239  0.00003264  0.00001618]
 [-0.00002961 -0.00001714 -0.00001324]
 [ 0.00002857 -0.0000178  -0.00000486]
 [ 0.00000709  0.00004082  0.00001936]
 [ 0.00017768 -0.00020668 -0.00007082]
 [ 0.0000638   0.00020579  0.00010054]
 [-0.00025502  0.00003021 -0.00001471]
 [-0.00000545 -0.00000307 -0.00000218]
 [ 0.00000369 -0.0000054  -0.00000178]
 [ 0.00000351 -0.0000017   0.00000019]
 [-0.0000017  -0.00000158 -0.00000058]
 [-0.00000405  0.00000107 -0.00000011]]
